2026-06-30 17:22:33,255 [INFO] ============================================================
2026-06-30 17:22:33,255 [INFO] EXTRACTION ARCHIVES AISNE – Abbécourt
2026-06-30 17:22:33,255 [INFO] Démarrage : 2026-06-30 17:22:33
2026-06-30 17:22:33,255 [INFO] ============================================================
2026-06-30 17:22:33,255 [INFO] === PHASE 1 : Tentative requests + BeautifulSoup ===
2026-06-30 17:22:33,261 [INFO] URL cible : https://archives.aisne.fr/archive/resultats/etatcivil/n:11/limit:50?RECH_commune_Index=1%7C&RECH_commune_Libel=Abb%C3%A9court+%28Aisne%29%7C&type=etatcivil&communes_TabSel=1&RECH_Field=RECH_commune&RECH_Letter=A&RECH_annee_debut=1860
2026-06-30 17:22:33,261 [INFO] Initialisation de la session (cookies d'accueil)...
2026-06-30 17:22:33,671 [INFO] Page d'accueil → HTTP 200 | cookies: {'techaro.lol-anubis-cookie-verification': '019f1956-e86f-7b66-a96f-62d2205b5e97'}
2026-06-30 17:22:35,175 [INFO] Chargement de la page cible...
2026-06-30 17:22:35,266 [INFO] HTTP 200 | Content-Type: text/html; charset=utf-8
2026-06-30 17:22:35,266 [INFO] Taille du contenu : 4574 octets
2026-06-30 17:22:35,266 [INFO] HTML brut sauvegardé → C:\Users\bnfek\OneDrive\Bureau\projet donia\debug_page.html
2026-06-30 17:22:35,304 [INFO] Phase 1 réussie. Texte extrait : 1550 caractères
2026-06-30 17:22:35,304 [INFO] Méthode de collecte : requests+BeautifulSoup
2026-06-30 17:22:35,304 [INFO] --- Analyse de la structure HTML ---
2026-06-30 17:22:35,304 [INFO] Longueur texte brut : 1550 caractères
2026-06-30 17:22:35,305 [INFO] Nombre de <table> : 0
2026-06-30 17:22:35,305 [INFO] Nombre de <tr>    : 0
2026-06-30 17:22:35,305 [INFO] Nombre de <div>   : 4
2026-06-30 17:22:35,306 [INFO] Nombre de <a>     : 0
2026-06-30 17:22:35,306 [INFO] Mots-clés archive trouvés : []
2026-06-30 17:22:35,306 [ERROR] La page ne semble pas contenir de données d'archives. Contenu tronqué ou bloqué.
2026-06-30 17:22:35,306 [INFO] Aperçu du contenu : "Vérification que vous n'êtes pas un robot !Vérification que vous n'êtes pas un robot ! Chargement...Vous voyez ceci car l'administrateur de ce site web a configuré Anubis pour protéger le serveur contre le fléau des entreprises d'IA qui scrapent agressivement les sites web. Cela peut et cause des temps d'arrêt pour les sites web, ce qui rend leurs ressources inaccessibles pour tout le monde.Anubis est un compromis. Anubis utilise un schéma de Preuve de Travail dans la veine de Hashcash, un schém"
2026-06-30 17:22:35,306 [INFO] Peu de résultats via parseurs génériques → analyse ciblée Aisne...
2026-06-30 17:22:35,307 [INFO] === Extraction ciblée structure Aisne ===
2026-06-30 17:22:35,308 [INFO] Éléments de type d'acte bruts : 0
2026-06-30 17:22:35,311 [INFO] Cotes trouvées dans le texte : []
2026-06-30 17:22:35,313 [INFO] Plages d'années : []
2026-06-30 17:22:35,313 [INFO] Liens de visualisation trouvés : 0
2026-06-30 17:22:35,314 [WARNING] Aucun enregistrement structuré extrait par les parseurs automatiques.
2026-06-30 17:22:35,314 [INFO] Analyse manuelle du HTML requis → voir debug_page.html
2026-06-30 17:22:35,440 [INFO] DataFrame final : 1 lignes × 8 colonnes
2026-06-30 17:22:35,467 [INFO] CSV exporté → C:\Users\bnfek\OneDrive\Bureau\projet donia\abbecourt_aisne_VIDE.csv
2026-06-30 17:22:36,145 [INFO] Excel exporté → C:\Users\bnfek\OneDrive\Bureau\projet donia\abbecourt_aisne_VIDE.xlsx
2026-06-30 17:22:36,145 [INFO] Temps total : 2.9s
2026-06-30 17:22:36,145 [INFO] ============================================================
2026-06-30 17:30:24,298 [INFO] ============================================================
2026-06-30 17:30:24,298 [INFO] EXTRACTION ARCHIVES AISNE – Abbécourt
2026-06-30 17:30:24,298 [INFO] Démarrage : 2026-06-30 17:30:24
2026-06-30 17:30:24,306 [INFO] ============================================================
2026-06-30 17:30:24,306 [INFO] === PHASE 1 : requests + Solveur Anubis (SHA-256 PoW) ===
2026-06-30 17:30:24,307 [INFO] URL cible : https://archives.aisne.fr/archive/resultats/etatcivil/n:11/limit:50?RECH_commune_Index=1%7C&RECH_commune_Libel=Abb%C3%A9court+%28Aisne%29%7C&type=etatcivil&communes_TabSel=1&RECH_Field=RECH_commune&RECH_Letter=A&RECH_annee_debut=1860
2026-06-30 17:30:24,307 [INFO] Chargement de la page cible (attente du challenge Anubis)...
2026-06-30 17:30:25,706 [INFO] HTTP 200 | 4574 octets | cookies=['techaro.lol-anubis-cookie-verification']
2026-06-30 17:30:25,731 [INFO] Challenge Anubis parsé : id=019f195e-1c59-772c-a2db-dd3b84e2fcdd algorithm=fast difficulty=2
2026-06-30 17:30:25,731 [INFO]   randomData (64 premiers cars) : 0d17dc11a7cd62a364bf285351641fafca1b8c8e277aaa5450d9767b845119b0
2026-06-30 17:30:25,731 [INFO] Résolution PoW Anubis : randomData=0d17dc11a7cd62a364bf… difficulty=2 (p=1 octets, nibble=False)
2026-06-30 17:30:25,731 [INFO] Solution trouvée ! nonce=0 hash=00c276e2aa3236f5… (0 ms, 0 tentatives)
2026-06-30 17:30:25,731 [INFO] Soumission solution → https://archives.aisne.fr/.within.website/x/cmd/anubis/api/pass-challenge?id=019f195e-1c59-772c-a2db-dd3b84e2fcdd&respon…
2026-06-30 17:30:29,980 [INFO] Réponse API : HTTP 200 | cookies=['techaro.lol-anubis-cookie-verification', 'techaro.lol-anubis-auth', 'VT_USER', 'HAPROXYID'] | URL finale=https://archives.aisne.fr/archive/resultats/etatcivil/n:11/limit:50?RECH_commune
2026-06-30 17:30:29,982 [INFO] Chargement de la page réelle avec cookie Anubis validé...
2026-06-30 17:30:33,580 [INFO] HTTP 200 | 177727 octets
2026-06-30 17:30:33,582 [INFO] HTML réel sauvegardé → debug_page_real.html
2026-06-30 17:30:33,663 [INFO] Texte extrait : 18695 caractères
2026-06-30 17:30:33,663 [INFO] Aperçu : "\n\n \n\n\n\n\n\n\n\n\n\n\n\n\n\n\n\n\n\n \n\n\n\n\n\n\n            \t\t\t\t\t\t\tRegistres paroissiaux et d'état civil - \t\t\t\t\t\tArchives départementales de l'Aisne\t\t\n\n\n\n\n\n\n\n\n\n\n\n\n\n\n\n\n\n\n\n\n\n\n\n\n\n\n\n\n\n\n\n\n\n\n\n\n\n\n\n\n\n\n\n\n\n\n\n\n\n\n\n\n\n\nAccès rapide au menu\nAccès rapide au contenu\nAccès rapide à la recherche\n\n\n\n\n\n\n \n\n\n\n\n\n\n\n\n\n\n\n\n\n\n\n\n\n\n\n\n\n\nEspace personnel \n\n\n\n\n\n\n\n\n\n\n\n\n\n\n\n\n\n\n\nAccueilRechercherArchives en ligneRegistres paroissiaux et d'état civilRec"
2026-06-30 17:30:33,668 [INFO] Phase 1 réussie. Texte extrait : 18695 caractères
2026-06-30 17:30:33,679 [INFO] Méthode de collecte : requests+BeautifulSoup+AnubisSolver
2026-06-30 17:30:33,679 [INFO] --- Analyse de la structure HTML ---
2026-06-30 17:30:33,679 [INFO] Longueur texte brut : 18695 caractères
2026-06-30 17:30:33,687 [INFO] Nombre de <table> : 1
2026-06-30 17:30:33,691 [INFO] Nombre de <tr>    : 41
2026-06-30 17:30:33,693 [INFO] Nombre de <div>   : 787
2026-06-30 17:30:33,697 [INFO] Nombre de <a>     : 277
2026-06-30 17:30:33,698 [INFO] Mots-clés archive trouvés : ['abbécourt', '5mi', '1 e 7', 'naissance', 'mariage', 'décès', 'registre']
2026-06-30 17:30:33,701 [INFO] Tables trouvées dans la page : 1
2026-06-30 17:30:33,848 [INFO] Conteneurs de résultats identifiés : 17
2026-06-30 17:30:33,849 [INFO] Table #1 : 41 lignes
2026-06-30 17:30:33,850 [INFO]   En-têtes : ["5mi0214• 1669 1750voir l'inventairevoir la noticeajouter au classeur2%- 5 images sont indexées368 vues  dont 5 indexéescontexte\xa0:état civil - collection des microfilms (avant 1905) >abbécourtdates\xa0:1669 1750notes\xa0:lacunes : 1681-1689, 1692-1693, 1702-1705, 1712-1716, 1733-1736.sujet\xa0:bapteme / sepulture / mariagecommune ou lieu-dit\xa0:abbécourt(aisne, france)canton\xa0:chaunyarrondissement\xa0:laon"]
2026-06-30 17:30:33,850 [INFO]   Colonnes mappées : {'type': None, 'annees': 0, 'cote': None, 'commune': None, 'lien': None, 'annee_debut': None, 'annee_fin': None}
2026-06-30 17:30:33,875 [INFO] Parseur tableau → 40 enregistrements
2026-06-30 17:30:33,956 [INFO] DataFrame final : 28 lignes × 8 colonnes
2026-06-30 17:30:33,980 [INFO] CSV exporté → C:\Users\bnfek\OneDrive\Bureau\projet donia\abbecourt_aisne_20260630_1730.csv
2026-06-30 17:30:34,818 [INFO] Excel exporté → C:\Users\bnfek\OneDrive\Bureau\projet donia\abbecourt_aisne_20260630_1730.xlsx
2026-06-30 17:30:34,818 [INFO] 
============================================================
2026-06-30 17:30:34,819 [INFO] SUCCÈS : 40 registres extraits
2026-06-30 17:30:34,821 [INFO] CSV   → C:\Users\bnfek\OneDrive\Bureau\projet donia\abbecourt_aisne_20260630_1730.csv
2026-06-30 17:30:34,821 [INFO] Excel → C:\Users\bnfek\OneDrive\Bureau\projet donia\abbecourt_aisne_20260630_1730.xlsx
2026-06-30 17:30:34,821 [INFO] Temps total : 10.5s
2026-06-30 17:30:34,821 [INFO] ============================================================
2026-06-30 17:34:46,643 [INFO] ============================================================
2026-06-30 17:34:46,649 [INFO] EXTRACTION ARCHIVES AISNE – Abbécourt
2026-06-30 17:34:46,649 [INFO] Démarrage : 2026-06-30 17:34:46
2026-06-30 17:34:46,650 [INFO] ============================================================
2026-06-30 17:34:46,650 [INFO] === PHASE 1 : requests + Solveur Anubis (SHA-256 PoW) ===
2026-06-30 17:34:46,650 [INFO] URL cible : https://archives.aisne.fr/archive/resultats/etatcivil/n:11/limit:50?RECH_commune_Index=1%7C&RECH_commune_Libel=Abb%C3%A9court+%28Aisne%29%7C&type=etatcivil&communes_TabSel=1&RECH_Field=RECH_commune&RECH_Letter=A&RECH_annee_debut=1860
2026-06-30 17:34:46,651 [INFO] Chargement de la page cible (attente du challenge Anubis)...
2026-06-30 17:34:46,961 [INFO] HTTP 200 | 4574 octets | cookies=['techaro.lol-anubis-cookie-verification']
2026-06-30 17:34:46,994 [INFO] Challenge Anubis parsé : id=019f1962-18da-77d3-8213-07b633724518 algorithm=fast difficulty=2
2026-06-30 17:34:46,994 [INFO]   randomData (64 premiers cars) : 4468e7e87b94577db671fd1e8072118c90e2a96d8262ff8a7c0adb55d6f9e289
2026-06-30 17:34:46,994 [INFO] Résolution PoW Anubis : randomData=4468e7e87b94577db671… difficulty=2 (p=1 octets, nibble=False)
2026-06-30 17:34:46,994 [INFO] Solution trouvée ! nonce=131 hash=008289838bb53b88… (0 ms, 131 tentatives)
2026-06-30 17:34:46,994 [INFO] Soumission solution → https://archives.aisne.fr/.within.website/x/cmd/anubis/api/pass-challenge?id=019f1962-18da-77d3-8213-07b633724518&respon…
2026-06-30 17:34:51,447 [INFO] Réponse API : HTTP 200 | cookies=['techaro.lol-anubis-cookie-verification', 'techaro.lol-anubis-auth', 'VT_USER', 'HAPROXYID'] | URL finale=https://archives.aisne.fr/archive/resultats/etatcivil/n:11/limit:50?RECH_commune
2026-06-30 17:34:51,448 [INFO] Chargement de la page réelle avec cookie Anubis validé...
2026-06-30 17:34:54,777 [INFO] HTTP 200 | 177728 octets
2026-06-30 17:34:54,777 [INFO] HTML réel sauvegardé → debug_page_real.html
2026-06-30 17:34:54,851 [INFO] Texte extrait : 18695 caractères
2026-06-30 17:34:54,851 [INFO] Aperçu : "\n\n \n\n\n\n\n\n\n\n\n\n\n\n\n\n\n\n\n\n \n\n\n\n\n\n\n            \t\t\t\t\t\t\tRegistres paroissiaux et d'état civil - \t\t\t\t\t\tArchives départementales de l'Aisne\t\t\n\n\n\n\n\n\n\n\n\n\n\n\n\n\n\n\n\n\n\n\n\n\n\n\n\n\n\n\n\n\n\n\n\n\n\n\n\n\n\n\n\n\n\n\n\n\n\n\n\n\n\n\n\n\nAccès rapide au menu\nAccès rapide au contenu\nAccès rapide à la recherche\n\n\n\n\n\n\n \n\n\n\n\n\n\n\n\n\n\n\n\n\n\n\n\n\n\n\n\n\n\nEspace personnel \n\n\n\n\n\n\n\n\n\n\n\n\n\n\n\n\n\n\n\nAccueilRechercherArchives en ligneRegistres paroissiaux et d'état civilRec"
2026-06-30 17:34:54,862 [INFO] Phase 1 réussie. Texte extrait : 18695 caractères
2026-06-30 17:34:54,867 [INFO] Méthode de collecte : requests+BeautifulSoup+AnubisSolver
2026-06-30 17:34:54,867 [INFO] --- Analyse de la structure HTML ---
2026-06-30 17:34:54,876 [INFO] Longueur texte brut : 18695 caractères
2026-06-30 17:34:54,876 [INFO] Nombre de <table> : 1
2026-06-30 17:34:54,881 [INFO] Nombre de <tr>    : 41
2026-06-30 17:34:54,881 [INFO] Nombre de <div>   : 787
2026-06-30 17:34:54,885 [INFO] Nombre de <a>     : 277
2026-06-30 17:34:54,886 [INFO] Mots-clés archive trouvés : ['abbécourt', '5mi', '1 e 7', 'naissance', 'mariage', 'décès', 'registre']
2026-06-30 17:34:54,889 [INFO] Parseur Aisne : 41 lignes dans la table
2026-06-30 17:34:54,898 [INFO] Parseur Aisne → 41 enregistrements extraits
2026-06-30 17:34:54,899 [INFO] Parseur ciblé Aisne → 41 enregistrements
2026-06-30 17:34:54,989 [INFO] DataFrame final : 41 lignes × 10 colonnes
2026-06-30 17:34:55,002 [INFO] CSV exporté → C:\Users\bnfek\OneDrive\Bureau\projet donia\abbecourt_aisne_20260630_1734.csv
2026-06-30 17:34:56,039 [INFO] Excel exporté → C:\Users\bnfek\OneDrive\Bureau\projet donia\abbecourt_aisne_20260630_1734.xlsx
2026-06-30 17:34:56,041 [INFO] 
============================================================
2026-06-30 17:34:56,042 [INFO] SUCCÈS : 41 registres extraits
2026-06-30 17:34:56,042 [INFO] CSV   → C:\Users\bnfek\OneDrive\Bureau\projet donia\abbecourt_aisne_20260630_1734.csv
2026-06-30 17:34:56,042 [INFO] Excel → C:\Users\bnfek\OneDrive\Bureau\projet donia\abbecourt_aisne_20260630_1734.xlsx
2026-06-30 17:34:56,043 [INFO] Temps total : 9.4s
2026-06-30 17:34:56,044 [INFO] ============================================================
