2026-06-30 17:44:41,763 [INFO] ============================================================
2026-06-30 17:44:41,766 [INFO] EXTRACTION COMPLÈTE (toutes pages) – Abbécourt (Aisne)
2026-06-30 17:44:41,766 [INFO] Démarrage : 2026-06-30 17:44:41
2026-06-30 17:44:41,767 [INFO] ============================================================
2026-06-30 17:44:42,261 [INFO] GET https://archives.aisne.fr/archive/resultats/etatcivil/n:11/limit:50?RECH_commune → HTTP 200 (4574 o)
2026-06-30 17:44:42,263 [INFO] Anubis challenge : id=019f196b… diff=2
2026-06-30 17:44:42,268 [INFO] PoW résolu : nonce=890 (5 ms)
2026-06-30 17:44:49,274 [INFO] Pass-challenge → HTTP 200 | cookies=['techaro.lol-anubis-cookie-verification', 'techaro.lol-anubis-auth', 'VT_USER', 'HAPROXYID']
2026-06-30 17:44:50,080 [INFO] Tentative récupération complète (limit:999) : https://archives.aisne.fr/archive/resultats/etatcivil/n:11/limit:999?RECH_commune_Index=1%7C&RECH_co…
2026-06-30 17:44:51,640 [INFO]   → HTTP 200 | 120,351 octets
2026-06-30 17:44:51,689 [INFO] Page 1 : 20 lignes
2026-06-30 17:44:51,698 [INFO] Limit:999 → 20 enregistrements
2026-06-30 17:44:51,706 [INFO] Div pagination trouvé : '1 2 3 > Voir par page\xa0: 5 10 15 20 25'
2026-06-30 17:44:51,716 [INFO] Lien 'Suivant' trouvé : https://archives.aisne.fr/archive/resultats/etatcivil/archive/n:11/limit:999/page:2?RECH_commune_Ind
2026-06-30 17:44:51,749 [INFO] Pagination détectée : 4 pages numérotées, next=True
2026-06-30 17:44:51,749 [INFO] Pages détectées : [('2', 'https://archives.aisne.fr/archive/resultats/etatcivil/archive/n:11/limit:999/page:2?RECH_commune_Index=1%7C&RECH_commune_Libel=Abb%C3%A9court+%28Aisne%29%7C&type=etatcivil&communes_TabSel=1&RECH_Field=RECH_commune&RECH_Letter=A&RECH_annee_debut=1860'), ('3', 'https://archives.aisne.fr/archive/resultats/etatcivil/archive/n:11/limit:999/page:3?RECH_commune_Index=1%7C&RECH_commune_Libel=Abb%C3%A9court+%28Aisne%29%7C&type=etatcivil&communes_TabSel=1&RECH_Field=RECH_commune&RECH_Letter=A&RECH_annee_debut=1860'), ('5', 'https://archives.aisne.fr/archive/resultats/etatcivil/archive/n:11/limit:5?RECH_commune_Index=1%7C&RECH_commune_Libel=Abb%C3%A9court+%28Aisne%29%7C&type=etatcivil&communes_TabSel=1&RECH_Field=RECH_commune&RECH_Letter=A&RECH_annee_debut=1860'), ('10', 'https://archives.aisne.fr/archive/resultats/etatcivil/archive/n:11/limit:10?RECH_commune_Index=1%7C&RECH_commune_Libel=Abb%C3%A9court+%28Aisne%29%7C&type=etatcivil&communes_TabSel=1&RECH_Field=RECH_commune&RECH_Letter=A&RECH_annee_debut=1860')]
2026-06-30 17:44:51,749 [INFO] Chargement page 2 : https://archives.aisne.fr/archive/resultats/etatcivil/archive/n:11/limit:999/page:2?RECH_commune_Ind…
2026-06-30 17:44:54,111 [INFO] Page 2 : 20 lignes
2026-06-30 17:44:54,115 [INFO]   Page 2 → 20 lignes, 20 nouveaux
2026-06-30 17:44:54,115 [INFO] Chargement page 3 : https://archives.aisne.fr/archive/resultats/etatcivil/archive/n:11/limit:999/page:3?RECH_commune_Ind…
2026-06-30 17:44:56,188 [INFO] Page 3 : 1 lignes
2026-06-30 17:44:56,196 [INFO]   Page 3 → 1 lignes, 1 nouveaux
2026-06-30 17:44:56,197 [INFO] Chargement page 5 : https://archives.aisne.fr/archive/resultats/etatcivil/archive/n:11/limit:5?RECH_commune_Index=1%7C&R…
2026-06-30 17:44:59,304 [INFO] Page 5 : 5 lignes
2026-06-30 17:44:59,306 [INFO]   Page 5 → 5 lignes, 0 nouveaux
2026-06-30 17:44:59,306 [INFO] Chargement page 10 : https://archives.aisne.fr/archive/resultats/etatcivil/archive/n:11/limit:10?RECH_commune_Index=1%7C&…
2026-06-30 17:45:01,517 [INFO] Page 10 : 10 lignes
2026-06-30 17:45:01,520 [INFO]   Page 10 → 10 lignes, 0 nouveaux
2026-06-30 17:45:01,520 [INFO] Page suivante (2) : https://archives.aisne.fr/archive/resultats/etatcivil/archive/n:11/limit:999/page:2?RECH_commune_Ind…
2026-06-30 17:45:03,724 [INFO] Page 2 : 20 lignes
2026-06-30 17:45:03,727 [INFO]   Page 2 → 20 lignes, 0 nouveaux
2026-06-30 17:45:03,727 [INFO] Plus de nouveaux enregistrements. Fin de pagination.
2026-06-30 17:45:03,728 [INFO] Total enregistrements uniques : 41
2026-06-30 17:45:03,889 [INFO] CSV → C:\Users\bnfek\OneDrive\Bureau\projet donia\abbecourt_aisne_COMPLET_20260630_1745.csv (41 lignes)
2026-06-30 17:45:04,014 [INFO] Excel → C:\Users\bnfek\OneDrive\Bureau\projet donia\abbecourt_aisne_COMPLET_20260630_1745.xlsx
2026-06-30 17:45:04,016 [INFO] 
============================================================
2026-06-30 17:45:04,017 [INFO] SUCCÈS : 41 registres extraits en 22.3s
2026-06-30 17:45:04,017 [INFO] CSV   → C:\Users\bnfek\OneDrive\Bureau\projet donia\abbecourt_aisne_COMPLET_20260630_1745.csv
2026-06-30 17:45:04,017 [INFO] Excel → C:\Users\bnfek\OneDrive\Bureau\projet donia\abbecourt_aisne_COMPLET_20260630_1745.xlsx
2026-06-30 17:45:04,017 [INFO] ============================================================
2026-06-30 17:59:48,431 [INFO] ============================================================
2026-06-30 17:59:48,431 [INFO] EXTRACTION COMPLÈTE (toutes pages) – Abbécourt (Aisne)
2026-06-30 17:59:48,431 [INFO] Démarrage : 2026-06-30 17:59:48
2026-06-30 17:59:48,431 [INFO] ============================================================
2026-06-30 17:59:48,706 [INFO] GET https://archives.aisne.fr/archive/resultats/etatcivil/n:11/limit:50?RECH_commune → HTTP 200 (4574 o)
2026-06-30 17:59:48,713 [INFO] Anubis challenge : id=019f1979… diff=2
2026-06-30 17:59:48,713 [INFO] PoW résolu : nonce=161 (0 ms)
2026-06-30 17:59:52,330 [INFO] Pass-challenge → HTTP 200 | cookies=['techaro.lol-anubis-cookie-verification', 'techaro.lol-anubis-auth', 'VT_USER', 'HAPROXYID']
2026-06-30 17:59:53,137 [INFO] PHASE A — URL directe (limit:50) : https://archives.aisne.fr/archive/resultats/etatcivil/n:11/limit:50?RECH_commune_Index=1%7C&RECH_com…
2026-06-30 17:59:55,451 [INFO]   → HTTP 200 | 177,728 octets
2026-06-30 17:59:55,521 [INFO] Page 0 : 41 lignes
2026-06-30 17:59:55,529 [INFO]   Phase A → 41 lignes lues, 41 uniques ajoutés
2026-06-30 17:59:55,529 [INFO] PHASE B — Pagination page:N (vérification/complément)…
2026-06-30 17:59:55,529 [INFO]   Page 1 : https://archives.aisne.fr/archive/resultats/etatcivil/archive/n:11/limit:50?RECH_commune_Index=1%7C&…
2026-06-30 17:59:57,753 [INFO] Page 1 : 41 lignes
2026-06-30 17:59:57,756 [INFO]   Page 1 → 41 lignes, 0 nouveaux
2026-06-30 17:59:58,358 [INFO]   Page 2 : https://archives.aisne.fr/archive/resultats/etatcivil/archive/n:11/limit:50/page:2?RECH_commune_Inde…
2026-06-30 18:00:01,053 [INFO] Page 2 : 41 lignes
2026-06-30 18:00:01,062 [INFO]   Page 2 → 41 lignes, 0 nouveaux
2026-06-30 18:00:01,063 [INFO]   2 pages sans nouveaux enregistrements → fin pagination
2026-06-30 18:00:01,063 [INFO] Total enregistrements uniques : 41
2026-06-30 18:00:01,120 [INFO] CSV → C:\Users\bnfek\OneDrive\Bureau\projet donia\abbecourt_aisne_COMPLET_20260630_1800.csv (41 lignes)
2026-06-30 18:00:01,242 [INFO] Excel → C:\Users\bnfek\OneDrive\Bureau\projet donia\abbecourt_aisne_COMPLET_20260630_1800.xlsx
2026-06-30 18:00:01,243 [INFO] 
============================================================
2026-06-30 18:00:01,244 [INFO] SUCCÈS : 41 registres extraits en 12.8s
2026-06-30 18:00:01,244 [INFO] CSV   → C:\Users\bnfek\OneDrive\Bureau\projet donia\abbecourt_aisne_COMPLET_20260630_1800.csv
2026-06-30 18:00:01,244 [INFO] Excel → C:\Users\bnfek\OneDrive\Bureau\projet donia\abbecourt_aisne_COMPLET_20260630_1800.xlsx
2026-06-30 18:00:01,245 [INFO] ============================================================
